<?xml version="1.0" encoding="UTF-8"?>
<testsuite name="com.munira.departmentservice.DepartmentServiceApplicationTests" tests="1" skipped="0" failures="0" errors="0" timestamp="2023-09-19T09:34:47" hostname="DESKTOP-75BSM4N" time="1.046">
  <properties/>
  <testcase name="contextLoads()" classname="com.munira.departmentservice.DepartmentServiceApplicationTests" time="1.046"/>
  <system-out><![CDATA[15:34:38.211 [Test worker] INFO org.springframework.test.context.support.AnnotationConfigContextLoaderUtils -- Could not detect default configuration classes for test class [com.munira.departmentservice.DepartmentServiceApplicationTests]: DepartmentServiceApplicationTests does not declare any static, non-private, non-final, nested classes annotated with @Configuration.
15:34:38.355 [Test worker] INFO org.springframework.boot.test.context.SpringBootTestContextBootstrapper -- Found @SpringBootConfiguration com.munira.departmentservice.DepartmentServiceApplication for test class com.munira.departmentservice.DepartmentServiceApplicationTests

  .   ____          _            __ _ _
 /\\ / ___'_ __ _ _(_)_ __  __ _ \ \ \ \
( ( )\___ | '_ | '_| | '_ \/ _` | \ \ \ \
 \\/  ___)| |_)| | | | | || (_| |  ) ) ) )
  '  |____| .__|_| |_|_| |_\__, | / / / /
 =========|_|==============|___/=/_/_/_/
 :: Spring Boot ::                (v3.1.3)

2023-09-19T15:34:40.322+06:00  INFO 15216 --- [    Test worker] c.m.d.DepartmentServiceApplicationTests  : Starting DepartmentServiceApplicationTests using Java 18.0.2 with PID 15216 (started by BJIT in D:\myProjects\Microservice Project 1\department-service)
2023-09-19T15:34:40.325+06:00  INFO 15216 --- [    Test worker] c.m.d.DepartmentServiceApplicationTests  : No active profile set, falling back to 1 default profile: "default"
2023-09-19T15:34:42.014+06:00  INFO 15216 --- [    Test worker] o.s.cloud.context.scope.GenericScope     : BeanFactory id=76583a80-591a-3440-af7d-342a5a34351a
2023-09-19T15:34:44.397+06:00  INFO 15216 --- [    Test worker] o.s.cloud.commons.util.InetUtils         : Cannot determine local hostname
2023-09-19T15:34:46.196+06:00  INFO 15216 --- [    Test worker] o.s.cloud.commons.util.InetUtils         : Cannot determine local hostname
2023-09-19T15:34:46.213+06:00  INFO 15216 --- [    Test worker] DiscoveryClientOptionalArgsConfiguration : Eureka HTTP Client uses RestTemplate.
2023-09-19T15:34:46.284+06:00  WARN 15216 --- [    Test worker] iguration$LoadBalancerCaffeineWarnLogger : Spring Cloud LoadBalancer is currently working with the default cache. While this cache implementation is useful for development and tests, it's recommended to use Caffeine cache in production.You can switch to using Caffeine cache, by adding it and org.springframework.cache.caffeine.CaffeineCacheManager to the classpath.
2023-09-19T15:34:46.300+06:00  INFO 15216 --- [    Test worker] o.s.b.a.e.web.EndpointLinksResolver      : Exposing 1 endpoint(s) beneath base path '/actuator'
2023-09-19T15:34:46.391+06:00  INFO 15216 --- [    Test worker] o.s.c.n.eureka.InstanceInfoFactory       : Setting initial instance status as: STARTING
2023-09-19T15:34:46.514+06:00  INFO 15216 --- [    Test worker] com.netflix.discovery.DiscoveryClient    : Initializing Eureka in region us-east-1
2023-09-19T15:34:46.525+06:00  INFO 15216 --- [    Test worker] c.n.d.s.r.aws.ConfigClusterResolver      : Resolving eureka endpoints via configuration
2023-09-19T15:34:46.574+06:00  INFO 15216 --- [    Test worker] com.netflix.discovery.DiscoveryClient    : Disable delta property : false
2023-09-19T15:34:46.575+06:00  INFO 15216 --- [    Test worker] com.netflix.discovery.DiscoveryClient    : Single vip registry refresh property : null
2023-09-19T15:34:46.576+06:00  INFO 15216 --- [    Test worker] com.netflix.discovery.DiscoveryClient    : Force full registry fetch : false
2023-09-19T15:34:46.577+06:00  INFO 15216 --- [    Test worker] com.netflix.discovery.DiscoveryClient    : Application is null : false
2023-09-19T15:34:46.577+06:00  INFO 15216 --- [    Test worker] com.netflix.discovery.DiscoveryClient    : Registered Applications size is zero : true
2023-09-19T15:34:46.577+06:00  INFO 15216 --- [    Test worker] com.netflix.discovery.DiscoveryClient    : Application version is -1: true
2023-09-19T15:34:46.578+06:00  INFO 15216 --- [    Test worker] com.netflix.discovery.DiscoveryClient    : Getting all instance registry info from the eureka server
2023-09-19T15:34:47.394+06:00  INFO 15216 --- [    Test worker] com.netflix.discovery.DiscoveryClient    : The response status is 200
2023-09-19T15:34:47.398+06:00  INFO 15216 --- [    Test worker] com.netflix.discovery.DiscoveryClient    : Starting heartbeat executor: renew interval is: 30
2023-09-19T15:34:47.404+06:00  INFO 15216 --- [    Test worker] c.n.discovery.InstanceInfoReplicator     : InstanceInfoReplicator onDemand update allowed rate per min is 4
2023-09-19T15:34:47.415+06:00  INFO 15216 --- [    Test worker] com.netflix.discovery.DiscoveryClient    : Discovery Client initialized at timestamp 1695116087413 with initial instances count: 0
2023-09-19T15:34:47.420+06:00  INFO 15216 --- [    Test worker] o.s.c.n.e.s.EurekaServiceRegistry        : Registering application DEPARTMENT-SERVICE with eureka with status UP
2023-09-19T15:34:47.421+06:00  INFO 15216 --- [    Test worker] com.netflix.discovery.DiscoveryClient    : Saw local status change event StatusChangeEvent [timestamp=1695116087421, current=UP, previous=STARTING]
2023-09-19T15:34:47.428+06:00  INFO 15216 --- [nfoReplicator-0] com.netflix.discovery.DiscoveryClient    : DiscoveryClient_DEPARTMENT-SERVICE/localhost:department-service:8081: registering service...
2023-09-19T15:34:47.467+06:00  INFO 15216 --- [    Test worker] c.m.d.DepartmentServiceApplicationTests  : Started DepartmentServiceApplicationTests in 8.912 seconds (process running for 10.676)
2023-09-19T15:34:47.522+06:00  INFO 15216 --- [nfoReplicator-0] com.netflix.discovery.DiscoveryClient    : DiscoveryClient_DEPARTMENT-SERVICE/localhost:department-service:8081 - registration status: 204
]]></system-out>
  <system-err><![CDATA[]]></system-err>
</testsuite>
